INFO  [2017-09-27 07:37:31,894] org.eclipse.jetty.util.log: Logging initialized @3148ms
INFO  [2017-09-27 07:37:32,079] io.dropwizard.server.ServerFactory: Starting GeoApplication
INFO  [2017-09-27 07:37:32,095] io.dropwizard.server.DefaultServerFactory: Registering jersey handler with root path prefix: /
INFO  [2017-09-27 07:37:32,142] io.dropwizard.server.DefaultServerFactory: Registering admin handler with root path prefix: /
INFO  [2017-09-27 07:37:32,787] io.dropwizard.jetty.HttpsConnectorFactory: Supported protocols: [SSLv2Hello, SSLv3, TLSv1, TLSv1.1, TLSv1.2]
INFO  [2017-09-27 07:37:32,787] io.dropwizard.jetty.HttpsConnectorFactory: Supported cipher suites: [TLS_ECDHE_ECDSA_WITH_AES_128_CBC_SHA256, TLS_ECDHE_RSA_WITH_AES_128_CBC_SHA256, TLS_RSA_WITH_AES_128_CBC_SHA256, TLS_ECDH_ECDSA_WITH_AES_128_CBC_SHA256, TLS_ECDH_RSA_WITH_AES_128_CBC_SHA256, TLS_DHE_RSA_WITH_AES_128_CBC_SHA256, TLS_DHE_DSS_WITH_AES_128_CBC_SHA256, TLS_ECDHE_ECDSA_WITH_AES_128_CBC_SHA, TLS_ECDHE_RSA_WITH_AES_128_CBC_SHA, TLS_RSA_WITH_AES_128_CBC_SHA, TLS_ECDH_ECDSA_WITH_AES_128_CBC_SHA, TLS_ECDH_RSA_WITH_AES_128_CBC_SHA, TLS_DHE_RSA_WITH_AES_128_CBC_SHA, TLS_DHE_DSS_WITH_AES_128_CBC_SHA, TLS_ECDHE_ECDSA_WITH_AES_128_GCM_SHA256, TLS_ECDHE_RSA_WITH_AES_128_GCM_SHA256, TLS_RSA_WITH_AES_128_GCM_SHA256, TLS_ECDH_ECDSA_WITH_AES_128_GCM_SHA256, TLS_ECDH_RSA_WITH_AES_128_GCM_SHA256, TLS_DHE_RSA_WITH_AES_128_GCM_SHA256, TLS_DHE_DSS_WITH_AES_128_GCM_SHA256, TLS_ECDHE_ECDSA_WITH_3DES_EDE_CBC_SHA, TLS_ECDHE_RSA_WITH_3DES_EDE_CBC_SHA, SSL_RSA_WITH_3DES_EDE_CBC_SHA, TLS_ECDH_ECDSA_WITH_3DES_EDE_CBC_SHA, TLS_ECDH_RSA_WITH_3DES_EDE_CBC_SHA, SSL_DHE_RSA_WITH_3DES_EDE_CBC_SHA, SSL_DHE_DSS_WITH_3DES_EDE_CBC_SHA, TLS_EMPTY_RENEGOTIATION_INFO_SCSV, TLS_DH_anon_WITH_AES_128_GCM_SHA256, TLS_DH_anon_WITH_AES_128_CBC_SHA256, TLS_ECDH_anon_WITH_AES_128_CBC_SHA, TLS_DH_anon_WITH_AES_128_CBC_SHA, TLS_ECDH_anon_WITH_3DES_EDE_CBC_SHA, SSL_DH_anon_WITH_3DES_EDE_CBC_SHA, SSL_RSA_WITH_DES_CBC_SHA, SSL_DHE_RSA_WITH_DES_CBC_SHA, SSL_DHE_DSS_WITH_DES_CBC_SHA, SSL_DH_anon_WITH_DES_CBC_SHA, SSL_RSA_EXPORT_WITH_DES40_CBC_SHA, SSL_DHE_RSA_EXPORT_WITH_DES40_CBC_SHA, SSL_DHE_DSS_EXPORT_WITH_DES40_CBC_SHA, SSL_DH_anon_EXPORT_WITH_DES40_CBC_SHA, TLS_RSA_WITH_NULL_SHA256, TLS_ECDHE_ECDSA_WITH_NULL_SHA, TLS_ECDHE_RSA_WITH_NULL_SHA, SSL_RSA_WITH_NULL_SHA, TLS_ECDH_ECDSA_WITH_NULL_SHA, TLS_ECDH_RSA_WITH_NULL_SHA, TLS_ECDH_anon_WITH_NULL_SHA, SSL_RSA_WITH_NULL_MD5, TLS_KRB5_WITH_3DES_EDE_CBC_SHA, TLS_KRB5_WITH_3DES_EDE_CBC_MD5, TLS_KRB5_WITH_DES_CBC_SHA, TLS_KRB5_WITH_DES_CBC_MD5, TLS_KRB5_EXPORT_WITH_DES_CBC_40_SHA, TLS_KRB5_EXPORT_WITH_DES_CBC_40_MD5]
INFO  [2017-09-27 07:37:32,787] io.dropwizard.jetty.HttpsConnectorFactory: Configured protocols: [TLSv1, TLSv1.1, TLSv1.2]
INFO  [2017-09-27 07:37:32,787] io.dropwizard.jetty.HttpsConnectorFactory: Excluded protocols: [SSLv3]
INFO  [2017-09-27 07:37:32,822] org.eclipse.jetty.setuid.SetUIDListener: Opened application@168cd36b{HTTP/1.1}{0.0.0.0:8000}
INFO  [2017-09-27 07:37:32,823] org.eclipse.jetty.setuid.SetUIDListener: Opened application@d8d9199{SSL-HTTP/1.1}{0.0.0.0:8443}
INFO  [2017-09-27 07:37:32,823] org.eclipse.jetty.setuid.SetUIDListener: Opened admin@3901f6af{HTTP/1.1}{0.0.0.0:8001}
INFO  [2017-09-27 07:37:32,828] org.eclipse.jetty.server.Server: jetty-9.2.13.v20150730
WARN  [2017-09-27 07:37:32,854] org.eclipse.jetty.util.component.AbstractLifeCycle: FAILED SslContextFactory@1cec219f(Geo-distribution/var/conf/keyStore.jks,Geo-distribution/var/conf/keyStore.jks): java.io.FileNotFoundException: D:\IP\Geo\Geo-distribution\var\conf\keyStore.jks (The system cannot find the path specified)
! java.io.FileNotFoundException: D:\IP\Geo\Geo-distribution\var\conf\keyStore.jks (The system cannot find the path specified)
! at java.io.FileInputStream.open0(Native Method) ~[na:1.8.0_131]
! at java.io.FileInputStream.open(FileInputStream.java:195) ~[na:1.8.0_131]
! at java.io.FileInputStream.<init>(FileInputStream.java:138) ~[na:1.8.0_131]
! at org.eclipse.jetty.util.resource.FileResource.getInputStream(FileResource.java:290) ~[jetty-util-9.2.13.v20150730.jar:9.2.13.v20150730]
! at org.eclipse.jetty.util.security.CertificateUtils.getKeyStore(CertificateUtils.java:43) ~[jetty-util-9.2.13.v20150730.jar:9.2.13.v20150730]
! at org.eclipse.jetty.util.ssl.SslContextFactory.loadKeyStore(SslContextFactory.java:871) ~[jetty-util-9.2.13.v20150730.jar:9.2.13.v20150730]
! at org.eclipse.jetty.util.ssl.SslContextFactory.doStart(SslContextFactory.java:273) ~[jetty-util-9.2.13.v20150730.jar:9.2.13.v20150730]
! at org.eclipse.jetty.util.component.AbstractLifeCycle.start(AbstractLifeCycle.java:68) [jetty-util-9.2.13.v20150730.jar:9.2.13.v20150730]
! at org.eclipse.jetty.util.component.ContainerLifeCycle.start(ContainerLifeCycle.java:132) [jetty-util-9.2.13.v20150730.jar:9.2.13.v20150730]
! at org.eclipse.jetty.server.Server.start(Server.java:387) [jetty-server-9.2.13.v20150730.jar:9.2.13.v20150730]
! at org.eclipse.jetty.util.component.ContainerLifeCycle.doStart(ContainerLifeCycle.java:114) [jetty-util-9.2.13.v20150730.jar:9.2.13.v20150730]
! at org.eclipse.jetty.server.handler.AbstractHandler.doStart(AbstractHandler.java:61) [jetty-server-9.2.13.v20150730.jar:9.2.13.v20150730]
! at org.eclipse.jetty.server.Server.doStart(Server.java:354) [jetty-server-9.2.13.v20150730.jar:9.2.13.v20150730]
! at org.eclipse.jetty.util.component.AbstractLifeCycle.start(AbstractLifeCycle.java:68) [jetty-util-9.2.13.v20150730.jar:9.2.13.v20150730]
! at io.dropwizard.cli.ServerCommand.run(ServerCommand.java:43) [dropwizard-core-0.9.2.jar:0.9.2]
! at io.dropwizard.cli.EnvironmentCommand.run(EnvironmentCommand.java:41) [dropwizard-core-0.9.2.jar:0.9.2]
! at io.dropwizard.cli.ConfiguredCommand.run(ConfiguredCommand.java:77) [dropwizard-core-0.9.2.jar:0.9.2]
! at io.dropwizard.cli.Cli.run(Cli.java:70) [dropwizard-core-0.9.2.jar:0.9.2]
! at io.dropwizard.Application.run(Application.java:80) [dropwizard-core-0.9.2.jar:0.9.2]
! at com.server.GeoApplication.main(GeoApplication.java:15) [classes/:na]
INFO  [2017-09-27 07:37:32,878] org.eclipse.jetty.server.ServerConnector: Started application@168cd36b{HTTP/1.1}{0.0.0.0:8000}
WARN  [2017-09-27 07:37:32,879] org.eclipse.jetty.util.component.AbstractLifeCycle: FAILED SslContextFactory@1cec219f(Geo-distribution/var/conf/keyStore.jks,Geo-distribution/var/conf/keyStore.jks): java.io.FileNotFoundException: D:\IP\Geo\Geo-distribution\var\conf\keyStore.jks (The system cannot find the path specified)
! java.io.FileNotFoundException: D:\IP\Geo\Geo-distribution\var\conf\keyStore.jks (The system cannot find the path specified)
! at java.io.FileInputStream.open0(Native Method) ~[na:1.8.0_131]
! at java.io.FileInputStream.open(FileInputStream.java:195) ~[na:1.8.0_131]
! at java.io.FileInputStream.<init>(FileInputStream.java:138) ~[na:1.8.0_131]
! at org.eclipse.jetty.util.resource.FileResource.getInputStream(FileResource.java:290) ~[jetty-util-9.2.13.v20150730.jar:9.2.13.v20150730]
! at org.eclipse.jetty.util.security.CertificateUtils.getKeyStore(CertificateUtils.java:43) ~[jetty-util-9.2.13.v20150730.jar:9.2.13.v20150730]
! at org.eclipse.jetty.util.ssl.SslContextFactory.loadKeyStore(SslContextFactory.java:871) ~[jetty-util-9.2.13.v20150730.jar:9.2.13.v20150730]
! at org.eclipse.jetty.util.ssl.SslContextFactory.doStart(SslContextFactory.java:273) ~[jetty-util-9.2.13.v20150730.jar:9.2.13.v20150730]
! at org.eclipse.jetty.util.component.AbstractLifeCycle.start(AbstractLifeCycle.java:68) [jetty-util-9.2.13.v20150730.jar:9.2.13.v20150730]
! at org.eclipse.jetty.util.component.ContainerLifeCycle.start(ContainerLifeCycle.java:132) [jetty-util-9.2.13.v20150730.jar:9.2.13.v20150730]
! at org.eclipse.jetty.util.component.ContainerLifeCycle.doStart(ContainerLifeCycle.java:114) [jetty-util-9.2.13.v20150730.jar:9.2.13.v20150730]
! at org.eclipse.jetty.server.SslConnectionFactory.doStart(SslConnectionFactory.java:64) [jetty-server-9.2.13.v20150730.jar:9.2.13.v20150730]
! at org.eclipse.jetty.util.component.AbstractLifeCycle.start(AbstractLifeCycle.java:68) [jetty-util-9.2.13.v20150730.jar:9.2.13.v20150730]
! at org.eclipse.jetty.util.component.ContainerLifeCycle.start(ContainerLifeCycle.java:132) [jetty-util-9.2.13.v20150730.jar:9.2.13.v20150730]
! at org.eclipse.jetty.util.component.ContainerLifeCycle.doStart(ContainerLifeCycle.java:114) [jetty-util-9.2.13.v20150730.jar:9.2.13.v20150730]
! at org.eclipse.jetty.util.component.AbstractLifeCycle.start(AbstractLifeCycle.java:68) [jetty-util-9.2.13.v20150730.jar:9.2.13.v20150730]
! at org.eclipse.jetty.util.component.ContainerLifeCycle.start(ContainerLifeCycle.java:132) [jetty-util-9.2.13.v20150730.jar:9.2.13.v20150730]
! at org.eclipse.jetty.util.component.ContainerLifeCycle.doStart(ContainerLifeCycle.java:114) [jetty-util-9.2.13.v20150730.jar:9.2.13.v20150730]
! at org.eclipse.jetty.server.AbstractConnector.doStart(AbstractConnector.java:256) [jetty-server-9.2.13.v20150730.jar:9.2.13.v20150730]
! at org.eclipse.jetty.server.AbstractNetworkConnector.doStart(AbstractNetworkConnector.java:81) [jetty-server-9.2.13.v20150730.jar:9.2.13.v20150730]
! at org.eclipse.jetty.server.ServerConnector.doStart(ServerConnector.java:236) [jetty-server-9.2.13.v20150730.jar:9.2.13.v20150730]
! at org.eclipse.jetty.util.component.AbstractLifeCycle.start(AbstractLifeCycle.java:68) [jetty-util-9.2.13.v20150730.jar:9.2.13.v20150730]
! at org.eclipse.jetty.server.Server.doStart(Server.java:366) [jetty-server-9.2.13.v20150730.jar:9.2.13.v20150730]
! at org.eclipse.jetty.util.component.AbstractLifeCycle.start(AbstractLifeCycle.java:68) [jetty-util-9.2.13.v20150730.jar:9.2.13.v20150730]
! at io.dropwizard.cli.ServerCommand.run(ServerCommand.java:43) [dropwizard-core-0.9.2.jar:0.9.2]
! at io.dropwizard.cli.EnvironmentCommand.run(EnvironmentCommand.java:41) [dropwizard-core-0.9.2.jar:0.9.2]
! at io.dropwizard.cli.ConfiguredCommand.run(ConfiguredCommand.java:77) [dropwizard-core-0.9.2.jar:0.9.2]
! at io.dropwizard.cli.Cli.run(Cli.java:70) [dropwizard-core-0.9.2.jar:0.9.2]
! at io.dropwizard.Application.run(Application.java:80) [dropwizard-core-0.9.2.jar:0.9.2]
! at com.server.GeoApplication.main(GeoApplication.java:15) [classes/:na]
WARN  [2017-09-27 07:37:32,880] org.eclipse.jetty.util.component.AbstractLifeCycle: FAILED SslConnectionFactory@3db972d2{SSL-HTTP/1.1}: java.io.FileNotFoundException: D:\IP\Geo\Geo-distribution\var\conf\keyStore.jks (The system cannot find the path specified)
! java.io.FileNotFoundException: D:\IP\Geo\Geo-distribution\var\conf\keyStore.jks (The system cannot find the path specified)
! at java.io.FileInputStream.open0(Native Method) ~[na:1.8.0_131]
! at java.io.FileInputStream.open(FileInputStream.java:195) ~[na:1.8.0_131]
! at java.io.FileInputStream.<init>(FileInputStream.java:138) ~[na:1.8.0_131]
! at org.eclipse.jetty.util.resource.FileResource.getInputStream(FileResource.java:290) ~[jetty-util-9.2.13.v20150730.jar:9.2.13.v20150730]
! at org.eclipse.jetty.util.security.CertificateUtils.getKeyStore(CertificateUtils.java:43) ~[jetty-util-9.2.13.v20150730.jar:9.2.13.v20150730]
! at org.eclipse.jetty.util.ssl.SslContextFactory.loadKeyStore(SslContextFactory.java:871) ~[jetty-util-9.2.13.v20150730.jar:9.2.13.v20150730]
! at org.eclipse.jetty.util.ssl.SslContextFactory.doStart(SslContextFactory.java:273) ~[jetty-util-9.2.13.v20150730.jar:9.2.13.v20150730]
! at org.eclipse.jetty.util.component.AbstractLifeCycle.start(AbstractLifeCycle.java:68) [jetty-util-9.2.13.v20150730.jar:9.2.13.v20150730]
! at org.eclipse.jetty.util.component.ContainerLifeCycle.start(ContainerLifeCycle.java:132) [jetty-util-9.2.13.v20150730.jar:9.2.13.v20150730]
! at org.eclipse.jetty.util.component.ContainerLifeCycle.doStart(ContainerLifeCycle.java:114) [jetty-util-9.2.13.v20150730.jar:9.2.13.v20150730]
! at org.eclipse.jetty.server.SslConnectionFactory.doStart(SslConnectionFactory.java:64) ~[jetty-server-9.2.13.v20150730.jar:9.2.13.v20150730]
! at org.eclipse.jetty.util.component.AbstractLifeCycle.start(AbstractLifeCycle.java:68) [jetty-util-9.2.13.v20150730.jar:9.2.13.v20150730]
! at org.eclipse.jetty.util.component.ContainerLifeCycle.start(ContainerLifeCycle.java:132) [jetty-util-9.2.13.v20150730.jar:9.2.13.v20150730]
! at org.eclipse.jetty.util.component.ContainerLifeCycle.doStart(ContainerLifeCycle.java:114) [jetty-util-9.2.13.v20150730.jar:9.2.13.v20150730]
! at org.eclipse.jetty.util.component.AbstractLifeCycle.start(AbstractLifeCycle.java:68) [jetty-util-9.2.13.v20150730.jar:9.2.13.v20150730]
! at org.eclipse.jetty.util.component.ContainerLifeCycle.start(ContainerLifeCycle.java:132) [jetty-util-9.2.13.v20150730.jar:9.2.13.v20150730]
! at org.eclipse.jetty.util.component.ContainerLifeCycle.doStart(ContainerLifeCycle.java:114) [jetty-util-9.2.13.v20150730.jar:9.2.13.v20150730]
! at org.eclipse.jetty.server.AbstractConnector.doStart(AbstractConnector.java:256) [jetty-server-9.2.13.v20150730.jar:9.2.13.v20150730]
! at org.eclipse.jetty.server.AbstractNetworkConnector.doStart(AbstractNetworkConnector.java:81) [jetty-server-9.2.13.v20150730.jar:9.2.13.v20150730]
! at org.eclipse.jetty.server.ServerConnector.doStart(ServerConnector.java:236) [jetty-server-9.2.13.v20150730.jar:9.2.13.v20150730]
! at org.eclipse.jetty.util.component.AbstractLifeCycle.start(AbstractLifeCycle.java:68) [jetty-util-9.2.13.v20150730.jar:9.2.13.v20150730]
! at org.eclipse.jetty.server.Server.doStart(Server.java:366) [jetty-server-9.2.13.v20150730.jar:9.2.13.v20150730]
! at org.eclipse.jetty.util.component.AbstractLifeCycle.start(AbstractLifeCycle.java:68) [jetty-util-9.2.13.v20150730.jar:9.2.13.v20150730]
! at io.dropwizard.cli.ServerCommand.run(ServerCommand.java:43) [dropwizard-core-0.9.2.jar:0.9.2]
! at io.dropwizard.cli.EnvironmentCommand.run(EnvironmentCommand.java:41) [dropwizard-core-0.9.2.jar:0.9.2]
! at io.dropwizard.cli.ConfiguredCommand.run(ConfiguredCommand.java:77) [dropwizard-core-0.9.2.jar:0.9.2]
! at io.dropwizard.cli.Cli.run(Cli.java:70) [dropwizard-core-0.9.2.jar:0.9.2]
! at io.dropwizard.Application.run(Application.java:80) [dropwizard-core-0.9.2.jar:0.9.2]
! at com.server.GeoApplication.main(GeoApplication.java:15) [classes/:na]
WARN  [2017-09-27 07:37:32,881] org.eclipse.jetty.util.component.AbstractLifeCycle: FAILED com.codahale.metrics.jetty9.InstrumentedConnectionFactory@1debc91c: java.io.FileNotFoundException: D:\IP\Geo\Geo-distribution\var\conf\keyStore.jks (The system cannot find the path specified)
! java.io.FileNotFoundException: D:\IP\Geo\Geo-distribution\var\conf\keyStore.jks (The system cannot find the path specified)
! at java.io.FileInputStream.open0(Native Method) ~[na:1.8.0_131]
! at java.io.FileInputStream.open(FileInputStream.java:195) ~[na:1.8.0_131]
! at java.io.FileInputStream.<init>(FileInputStream.java:138) ~[na:1.8.0_131]
! at org.eclipse.jetty.util.resource.FileResource.getInputStream(FileResource.java:290) ~[jetty-util-9.2.13.v20150730.jar:9.2.13.v20150730]
! at org.eclipse.jetty.util.security.CertificateUtils.getKeyStore(CertificateUtils.java:43) ~[jetty-util-9.2.13.v20150730.jar:9.2.13.v20150730]
! at org.eclipse.jetty.util.ssl.SslContextFactory.loadKeyStore(SslContextFactory.java:871) ~[jetty-util-9.2.13.v20150730.jar:9.2.13.v20150730]
! at org.eclipse.jetty.util.ssl.SslContextFactory.doStart(SslContextFactory.java:273) ~[jetty-util-9.2.13.v20150730.jar:9.2.13.v20150730]
! at org.eclipse.jetty.util.component.AbstractLifeCycle.start(AbstractLifeCycle.java:68) [jetty-util-9.2.13.v20150730.jar:9.2.13.v20150730]
! at org.eclipse.jetty.util.component.ContainerLifeCycle.start(ContainerLifeCycle.java:132) [jetty-util-9.2.13.v20150730.jar:9.2.13.v20150730]
! at org.eclipse.jetty.util.component.ContainerLifeCycle.doStart(ContainerLifeCycle.java:114) [jetty-util-9.2.13.v20150730.jar:9.2.13.v20150730]
! at org.eclipse.jetty.server.SslConnectionFactory.doStart(SslConnectionFactory.java:64) ~[jetty-server-9.2.13.v20150730.jar:9.2.13.v20150730]
! at org.eclipse.jetty.util.component.AbstractLifeCycle.start(AbstractLifeCycle.java:68) [jetty-util-9.2.13.v20150730.jar:9.2.13.v20150730]
! at org.eclipse.jetty.util.component.ContainerLifeCycle.start(ContainerLifeCycle.java:132) [jetty-util-9.2.13.v20150730.jar:9.2.13.v20150730]
! at org.eclipse.jetty.util.component.ContainerLifeCycle.doStart(ContainerLifeCycle.java:114) [jetty-util-9.2.13.v20150730.jar:9.2.13.v20150730]
! at org.eclipse.jetty.util.component.AbstractLifeCycle.start(AbstractLifeCycle.java:68) [jetty-util-9.2.13.v20150730.jar:9.2.13.v20150730]
! at org.eclipse.jetty.util.component.ContainerLifeCycle.start(ContainerLifeCycle.java:132) [jetty-util-9.2.13.v20150730.jar:9.2.13.v20150730]
! at org.eclipse.jetty.util.component.ContainerLifeCycle.doStart(ContainerLifeCycle.java:114) [jetty-util-9.2.13.v20150730.jar:9.2.13.v20150730]
! at org.eclipse.jetty.server.AbstractConnector.doStart(AbstractConnector.java:256) [jetty-server-9.2.13.v20150730.jar:9.2.13.v20150730]
! at org.eclipse.jetty.server.AbstractNetworkConnector.doStart(AbstractNetworkConnector.java:81) [jetty-server-9.2.13.v20150730.jar:9.2.13.v20150730]
! at org.eclipse.jetty.server.ServerConnector.doStart(ServerConnector.java:236) [jetty-server-9.2.13.v20150730.jar:9.2.13.v20150730]
! at org.eclipse.jetty.util.component.AbstractLifeCycle.start(AbstractLifeCycle.java:68) [jetty-util-9.2.13.v20150730.jar:9.2.13.v20150730]
! at org.eclipse.jetty.server.Server.doStart(Server.java:366) [jetty-server-9.2.13.v20150730.jar:9.2.13.v20150730]
! at org.eclipse.jetty.util.component.AbstractLifeCycle.start(AbstractLifeCycle.java:68) [jetty-util-9.2.13.v20150730.jar:9.2.13.v20150730]
! at io.dropwizard.cli.ServerCommand.run(ServerCommand.java:43) [dropwizard-core-0.9.2.jar:0.9.2]
! at io.dropwizard.cli.EnvironmentCommand.run(EnvironmentCommand.java:41) [dropwizard-core-0.9.2.jar:0.9.2]
! at io.dropwizard.cli.ConfiguredCommand.run(ConfiguredCommand.java:77) [dropwizard-core-0.9.2.jar:0.9.2]
! at io.dropwizard.cli.Cli.run(Cli.java:70) [dropwizard-core-0.9.2.jar:0.9.2]
! at io.dropwizard.Application.run(Application.java:80) [dropwizard-core-0.9.2.jar:0.9.2]
! at com.server.GeoApplication.main(GeoApplication.java:15) [classes/:na]
WARN  [2017-09-27 07:37:32,882] org.eclipse.jetty.util.component.AbstractLifeCycle: FAILED application@d8d9199{SSL-HTTP/1.1}{0.0.0.0:8443}: java.io.FileNotFoundException: D:\IP\Geo\Geo-distribution\var\conf\keyStore.jks (The system cannot find the path specified)
! java.io.FileNotFoundException: D:\IP\Geo\Geo-distribution\var\conf\keyStore.jks (The system cannot find the path specified)
! at java.io.FileInputStream.open0(Native Method) ~[na:1.8.0_131]
! at java.io.FileInputStream.open(FileInputStream.java:195) ~[na:1.8.0_131]
! at java.io.FileInputStream.<init>(FileInputStream.java:138) ~[na:1.8.0_131]
! at org.eclipse.jetty.util.resource.FileResource.getInputStream(FileResource.java:290) ~[jetty-util-9.2.13.v20150730.jar:9.2.13.v20150730]
! at org.eclipse.jetty.util.security.CertificateUtils.getKeyStore(CertificateUtils.java:43) ~[jetty-util-9.2.13.v20150730.jar:9.2.13.v20150730]
! at org.eclipse.jetty.util.ssl.SslContextFactory.loadKeyStore(SslContextFactory.java:871) ~[jetty-util-9.2.13.v20150730.jar:9.2.13.v20150730]
! at org.eclipse.jetty.util.ssl.SslContextFactory.doStart(SslContextFactory.java:273) ~[jetty-util-9.2.13.v20150730.jar:9.2.13.v20150730]
! at org.eclipse.jetty.util.component.AbstractLifeCycle.start(AbstractLifeCycle.java:68) [jetty-util-9.2.13.v20150730.jar:9.2.13.v20150730]
! at org.eclipse.jetty.util.component.ContainerLifeCycle.start(ContainerLifeCycle.java:132) ~[jetty-util-9.2.13.v20150730.jar:9.2.13.v20150730]
! at org.eclipse.jetty.util.component.ContainerLifeCycle.doStart(ContainerLifeCycle.java:114) ~[jetty-util-9.2.13.v20150730.jar:9.2.13.v20150730]
! at org.eclipse.jetty.server.SslConnectionFactory.doStart(SslConnectionFactory.java:64) ~[jetty-server-9.2.13.v20150730.jar:9.2.13.v20150730]
! at org.eclipse.jetty.util.component.AbstractLifeCycle.start(AbstractLifeCycle.java:68) [jetty-util-9.2.13.v20150730.jar:9.2.13.v20150730]
! at org.eclipse.jetty.util.component.ContainerLifeCycle.start(ContainerLifeCycle.java:132) ~[jetty-util-9.2.13.v20150730.jar:9.2.13.v20150730]
! at org.eclipse.jetty.util.component.ContainerLifeCycle.doStart(ContainerLifeCycle.java:114) ~[jetty-util-9.2.13.v20150730.jar:9.2.13.v20150730]
! at org.eclipse.jetty.util.component.AbstractLifeCycle.start(AbstractLifeCycle.java:68) [jetty-util-9.2.13.v20150730.jar:9.2.13.v20150730]
! at org.eclipse.jetty.util.component.ContainerLifeCycle.start(ContainerLifeCycle.java:132) ~[jetty-util-9.2.13.v20150730.jar:9.2.13.v20150730]
! at org.eclipse.jetty.util.component.ContainerLifeCycle.doStart(ContainerLifeCycle.java:114) ~[jetty-util-9.2.13.v20150730.jar:9.2.13.v20150730]
! at org.eclipse.jetty.server.AbstractConnector.doStart(AbstractConnector.java:256) ~[jetty-server-9.2.13.v20150730.jar:9.2.13.v20150730]
! at org.eclipse.jetty.server.AbstractNetworkConnector.doStart(AbstractNetworkConnector.java:81) ~[jetty-server-9.2.13.v20150730.jar:9.2.13.v20150730]
! at org.eclipse.jetty.server.ServerConnector.doStart(ServerConnector.java:236) ~[jetty-server-9.2.13.v20150730.jar:9.2.13.v20150730]
! at org.eclipse.jetty.util.component.AbstractLifeCycle.start(AbstractLifeCycle.java:68) [jetty-util-9.2.13.v20150730.jar:9.2.13.v20150730]
! at org.eclipse.jetty.server.Server.doStart(Server.java:366) [jetty-server-9.2.13.v20150730.jar:9.2.13.v20150730]
! at org.eclipse.jetty.util.component.AbstractLifeCycle.start(AbstractLifeCycle.java:68) [jetty-util-9.2.13.v20150730.jar:9.2.13.v20150730]
! at io.dropwizard.cli.ServerCommand.run(ServerCommand.java:43) [dropwizard-core-0.9.2.jar:0.9.2]
! at io.dropwizard.cli.EnvironmentCommand.run(EnvironmentCommand.java:41) [dropwizard-core-0.9.2.jar:0.9.2]
! at io.dropwizard.cli.ConfiguredCommand.run(ConfiguredCommand.java:77) [dropwizard-core-0.9.2.jar:0.9.2]
! at io.dropwizard.cli.Cli.run(Cli.java:70) [dropwizard-core-0.9.2.jar:0.9.2]
! at io.dropwizard.Application.run(Application.java:80) [dropwizard-core-0.9.2.jar:0.9.2]
! at com.server.GeoApplication.main(GeoApplication.java:15) [classes/:na]
WARN  [2017-09-27 07:37:32,885] org.eclipse.jetty.util.thread.QueuedThreadPool: dw-admin{STOPPED,1<=0<=64,i=0,q=0} rejected org.eclipse.jetty.util.thread.NonBlockingThread@687e4c93
WARN  [2017-09-27 07:37:32,885] org.eclipse.jetty.util.component.AbstractLifeCycle: FAILED org.eclipse.jetty.server.ServerConnector$ServerConnectorManager@181e72d3: java.util.concurrent.RejectedExecutionException: org.eclipse.jetty.util.thread.NonBlockingThread@687e4c93
! java.util.concurrent.RejectedExecutionException: org.eclipse.jetty.util.thread.NonBlockingThread@687e4c93
! at org.eclipse.jetty.util.thread.QueuedThreadPool.execute(QueuedThreadPool.java:362) ~[jetty-util-9.2.13.v20150730.jar:9.2.13.v20150730]
! at org.eclipse.jetty.io.SelectorManager.execute(SelectorManager.java:160) ~[jetty-io-9.2.13.v20150730.jar:9.2.13.v20150730]
! at org.eclipse.jetty.io.SelectorManager.doStart(SelectorManager.java:258) ~[jetty-io-9.2.13.v20150730.jar:9.2.13.v20150730]
! at org.eclipse.jetty.util.component.AbstractLifeCycle.start(AbstractLifeCycle.java:68) [jetty-util-9.2.13.v20150730.jar:9.2.13.v20150730]
! at org.eclipse.jetty.util.component.ContainerLifeCycle.start(ContainerLifeCycle.java:132) [jetty-util-9.2.13.v20150730.jar:9.2.13.v20150730]
! at org.eclipse.jetty.util.component.ContainerLifeCycle.doStart(ContainerLifeCycle.java:106) [jetty-util-9.2.13.v20150730.jar:9.2.13.v20150730]
! at org.eclipse.jetty.server.AbstractConnector.doStart(AbstractConnector.java:256) [jetty-server-9.2.13.v20150730.jar:9.2.13.v20150730]
! at org.eclipse.jetty.server.AbstractNetworkConnector.doStart(AbstractNetworkConnector.java:81) [jetty-server-9.2.13.v20150730.jar:9.2.13.v20150730]
! at org.eclipse.jetty.server.ServerConnector.doStart(ServerConnector.java:236) [jetty-server-9.2.13.v20150730.jar:9.2.13.v20150730]
! at org.eclipse.jetty.util.component.AbstractLifeCycle.start(AbstractLifeCycle.java:68) [jetty-util-9.2.13.v20150730.jar:9.2.13.v20150730]
! at org.eclipse.jetty.server.Server.doStart(Server.java:366) [jetty-server-9.2.13.v20150730.jar:9.2.13.v20150730]
! at org.eclipse.jetty.util.component.AbstractLifeCycle.start(AbstractLifeCycle.java:68) [jetty-util-9.2.13.v20150730.jar:9.2.13.v20150730]
! at io.dropwizard.cli.ServerCommand.run(ServerCommand.java:43) [dropwizard-core-0.9.2.jar:0.9.2]
! at io.dropwizard.cli.EnvironmentCommand.run(EnvironmentCommand.java:41) [dropwizard-core-0.9.2.jar:0.9.2]
! at io.dropwizard.cli.ConfiguredCommand.run(ConfiguredCommand.java:77) [dropwizard-core-0.9.2.jar:0.9.2]
! at io.dropwizard.cli.Cli.run(Cli.java:70) [dropwizard-core-0.9.2.jar:0.9.2]
! at io.dropwizard.Application.run(Application.java:80) [dropwizard-core-0.9.2.jar:0.9.2]
! at com.server.GeoApplication.main(GeoApplication.java:15) [classes/:na]
WARN  [2017-09-27 07:37:32,886] org.eclipse.jetty.util.component.AbstractLifeCycle: FAILED admin@3901f6af{HTTP/1.1}{0.0.0.0:8001}: java.util.concurrent.RejectedExecutionException: org.eclipse.jetty.util.thread.NonBlockingThread@687e4c93
! java.util.concurrent.RejectedExecutionException: org.eclipse.jetty.util.thread.NonBlockingThread@687e4c93
! at org.eclipse.jetty.util.thread.QueuedThreadPool.execute(QueuedThreadPool.java:362) ~[jetty-util-9.2.13.v20150730.jar:9.2.13.v20150730]
! at org.eclipse.jetty.io.SelectorManager.execute(SelectorManager.java:160) ~[jetty-io-9.2.13.v20150730.jar:9.2.13.v20150730]
! at org.eclipse.jetty.io.SelectorManager.doStart(SelectorManager.java:258) ~[jetty-io-9.2.13.v20150730.jar:9.2.13.v20150730]
! at org.eclipse.jetty.util.component.AbstractLifeCycle.start(AbstractLifeCycle.java:68) [jetty-util-9.2.13.v20150730.jar:9.2.13.v20150730]
! at org.eclipse.jetty.util.component.ContainerLifeCycle.start(ContainerLifeCycle.java:132) ~[jetty-util-9.2.13.v20150730.jar:9.2.13.v20150730]
! at org.eclipse.jetty.util.component.ContainerLifeCycle.doStart(ContainerLifeCycle.java:106) ~[jetty-util-9.2.13.v20150730.jar:9.2.13.v20150730]
! at org.eclipse.jetty.server.AbstractConnector.doStart(AbstractConnector.java:256) ~[jetty-server-9.2.13.v20150730.jar:9.2.13.v20150730]
! at org.eclipse.jetty.server.AbstractNetworkConnector.doStart(AbstractNetworkConnector.java:81) ~[jetty-server-9.2.13.v20150730.jar:9.2.13.v20150730]
! at org.eclipse.jetty.server.ServerConnector.doStart(ServerConnector.java:236) ~[jetty-server-9.2.13.v20150730.jar:9.2.13.v20150730]
! at org.eclipse.jetty.util.component.AbstractLifeCycle.start(AbstractLifeCycle.java:68) [jetty-util-9.2.13.v20150730.jar:9.2.13.v20150730]
! at org.eclipse.jetty.server.Server.doStart(Server.java:366) [jetty-server-9.2.13.v20150730.jar:9.2.13.v20150730]
! at org.eclipse.jetty.util.component.AbstractLifeCycle.start(AbstractLifeCycle.java:68) [jetty-util-9.2.13.v20150730.jar:9.2.13.v20150730]
! at io.dropwizard.cli.ServerCommand.run(ServerCommand.java:43) [dropwizard-core-0.9.2.jar:0.9.2]
! at io.dropwizard.cli.EnvironmentCommand.run(EnvironmentCommand.java:41) [dropwizard-core-0.9.2.jar:0.9.2]
! at io.dropwizard.cli.ConfiguredCommand.run(ConfiguredCommand.java:77) [dropwizard-core-0.9.2.jar:0.9.2]
! at io.dropwizard.cli.Cli.run(Cli.java:70) [dropwizard-core-0.9.2.jar:0.9.2]
! at io.dropwizard.Application.run(Application.java:80) [dropwizard-core-0.9.2.jar:0.9.2]
! at com.server.GeoApplication.main(GeoApplication.java:15) [classes/:na]
WARN  [2017-09-27 07:37:32,886] org.eclipse.jetty.util.component.AbstractLifeCycle: FAILED org.eclipse.jetty.server.Server@6ec7bce0: MultiException[java.io.FileNotFoundException: D:\IP\Geo\Geo-distribution\var\conf\keyStore.jks (The system cannot find the path specified), java.io.FileNotFoundException: D:\IP\Geo\Geo-distribution\var\conf\keyStore.jks (The system cannot find the path specified), java.util.concurrent.RejectedExecutionException: org.eclipse.jetty.util.thread.NonBlockingThread@687e4c93]
! java.io.FileNotFoundException: D:\IP\Geo\Geo-distribution\var\conf\keyStore.jks (The system cannot find the path specified)
! at java.io.FileInputStream.open0(Native Method) ~[na:1.8.0_131]
! at java.io.FileInputStream.open(FileInputStream.java:195) ~[na:1.8.0_131]
! at java.io.FileInputStream.<init>(FileInputStream.java:138) ~[na:1.8.0_131]
! at org.eclipse.jetty.util.resource.FileResource.getInputStream(FileResource.java:290) ~[jetty-util-9.2.13.v20150730.jar:9.2.13.v20150730]
! at org.eclipse.jetty.util.security.CertificateUtils.getKeyStore(CertificateUtils.java:43) ~[jetty-util-9.2.13.v20150730.jar:9.2.13.v20150730]
! at org.eclipse.jetty.util.ssl.SslContextFactory.loadKeyStore(SslContextFactory.java:871) ~[jetty-util-9.2.13.v20150730.jar:9.2.13.v20150730]
! at org.eclipse.jetty.util.ssl.SslContextFactory.doStart(SslContextFactory.java:273) ~[jetty-util-9.2.13.v20150730.jar:9.2.13.v20150730]
! at org.eclipse.jetty.util.component.AbstractLifeCycle.start(AbstractLifeCycle.java:68) ~[jetty-util-9.2.13.v20150730.jar:9.2.13.v20150730]
! at org.eclipse.jetty.util.component.ContainerLifeCycle.start(ContainerLifeCycle.java:132) ~[jetty-util-9.2.13.v20150730.jar:9.2.13.v20150730]
! at org.eclipse.jetty.server.Server.start(Server.java:387) ~[jetty-server-9.2.13.v20150730.jar:9.2.13.v20150730]
! at org.eclipse.jetty.util.component.ContainerLifeCycle.doStart(ContainerLifeCycle.java:114) ~[jetty-util-9.2.13.v20150730.jar:9.2.13.v20150730]
! at org.eclipse.jetty.server.handler.AbstractHandler.doStart(AbstractHandler.java:61) ~[jetty-server-9.2.13.v20150730.jar:9.2.13.v20150730]
! at org.eclipse.jetty.server.Server.doStart(Server.java:354) ~[jetty-server-9.2.13.v20150730.jar:9.2.13.v20150730]
! ... 7 common frames omitted
! Causing: org.eclipse.jetty.util.MultiException: Multiple exceptions
! at org.eclipse.jetty.server.Server.doStart(Server.java:329) ~[jetty-server-9.2.13.v20150730.jar:9.2.13.v20150730]
! at org.eclipse.jetty.util.component.AbstractLifeCycle.start(AbstractLifeCycle.java:68) ~[jetty-util-9.2.13.v20150730.jar:9.2.13.v20150730]
! at io.dropwizard.cli.ServerCommand.run(ServerCommand.java:43) [dropwizard-core-0.9.2.jar:0.9.2]
! at io.dropwizard.cli.EnvironmentCommand.run(EnvironmentCommand.java:41) [dropwizard-core-0.9.2.jar:0.9.2]
! at io.dropwizard.cli.ConfiguredCommand.run(ConfiguredCommand.java:77) [dropwizard-core-0.9.2.jar:0.9.2]
! at io.dropwizard.cli.Cli.run(Cli.java:70) [dropwizard-core-0.9.2.jar:0.9.2]
! at io.dropwizard.Application.run(Application.java:80) [dropwizard-core-0.9.2.jar:0.9.2]
! at com.server.GeoApplication.main(GeoApplication.java:15) [classes/:na]
! Suppressed: java.io.FileNotFoundException: D:\IP\Geo\Geo-distribution\var\conf\keyStore.jks (The system cannot find the path specified)
! 	at java.io.FileInputStream.open0(Native Method) ~[na:1.8.0_131]
! 	at java.io.FileInputStream.open(FileInputStream.java:195) ~[na:1.8.0_131]
! 	at java.io.FileInputStream.<init>(FileInputStream.java:138) ~[na:1.8.0_131]
! 	at org.eclipse.jetty.util.resource.FileResource.getInputStream(FileResource.java:290) ~[jetty-util-9.2.13.v20150730.jar:9.2.13.v20150730]
! 	at org.eclipse.jetty.util.security.CertificateUtils.getKeyStore(CertificateUtils.java:43) ~[jetty-util-9.2.13.v20150730.jar:9.2.13.v20150730]
! 	at org.eclipse.jetty.util.ssl.SslContextFactory.loadKeyStore(SslContextFactory.java:871) ~[jetty-util-9.2.13.v20150730.jar:9.2.13.v20150730]
! 	at org.eclipse.jetty.util.ssl.SslContextFactory.doStart(SslContextFactory.java:273) ~[jetty-util-9.2.13.v20150730.jar:9.2.13.v20150730]
! 	at org.eclipse.jetty.util.component.AbstractLifeCycle.start(AbstractLifeCycle.java:68) ~[jetty-util-9.2.13.v20150730.jar:9.2.13.v20150730]
! 	at org.eclipse.jetty.util.component.ContainerLifeCycle.start(ContainerLifeCycle.java:132) ~[jetty-util-9.2.13.v20150730.jar:9.2.13.v20150730]
! 	at org.eclipse.jetty.util.component.ContainerLifeCycle.doStart(ContainerLifeCycle.java:114) ~[jetty-util-9.2.13.v20150730.jar:9.2.13.v20150730]
! 	at org.eclipse.jetty.server.SslConnectionFactory.doStart(SslConnectionFactory.java:64) ~[jetty-server-9.2.13.v20150730.jar:9.2.13.v20150730]
! 	at org.eclipse.jetty.util.component.AbstractLifeCycle.start(AbstractLifeCycle.java:68) ~[jetty-util-9.2.13.v20150730.jar:9.2.13.v20150730]
! 	at org.eclipse.jetty.util.component.ContainerLifeCycle.start(ContainerLifeCycle.java:132) ~[jetty-util-9.2.13.v20150730.jar:9.2.13.v20150730]
! 	at org.eclipse.jetty.util.component.ContainerLifeCycle.doStart(ContainerLifeCycle.java:114) ~[jetty-util-9.2.13.v20150730.jar:9.2.13.v20150730]
! 	at org.eclipse.jetty.util.component.AbstractLifeCycle.start(AbstractLifeCycle.java:68) ~[jetty-util-9.2.13.v20150730.jar:9.2.13.v20150730]
! 	at org.eclipse.jetty.util.component.ContainerLifeCycle.start(ContainerLifeCycle.java:132) ~[jetty-util-9.2.13.v20150730.jar:9.2.13.v20150730]
! 	at org.eclipse.jetty.util.component.ContainerLifeCycle.doStart(ContainerLifeCycle.java:114) ~[jetty-util-9.2.13.v20150730.jar:9.2.13.v20150730]
! 	at org.eclipse.jetty.server.AbstractConnector.doStart(AbstractConnector.java:256) ~[jetty-server-9.2.13.v20150730.jar:9.2.13.v20150730]
! 	at org.eclipse.jetty.server.AbstractNetworkConnector.doStart(AbstractNetworkConnector.java:81) ~[jetty-server-9.2.13.v20150730.jar:9.2.13.v20150730]
! 	at org.eclipse.jetty.server.ServerConnector.doStart(ServerConnector.java:236) ~[jetty-server-9.2.13.v20150730.jar:9.2.13.v20150730]
! 	at org.eclipse.jetty.util.component.AbstractLifeCycle.start(AbstractLifeCycle.java:68) ~[jetty-util-9.2.13.v20150730.jar:9.2.13.v20150730]
! 	at org.eclipse.jetty.server.Server.doStart(Server.java:366) ~[jetty-server-9.2.13.v20150730.jar:9.2.13.v20150730]
! 	... 7 common frames omitted
! Suppressed: java.util.concurrent.RejectedExecutionException: org.eclipse.jetty.util.thread.NonBlockingThread@687e4c93
! 	at org.eclipse.jetty.util.thread.QueuedThreadPool.execute(QueuedThreadPool.java:362) ~[jetty-util-9.2.13.v20150730.jar:9.2.13.v20150730]
! 	at org.eclipse.jetty.io.SelectorManager.execute(SelectorManager.java:160) ~[jetty-io-9.2.13.v20150730.jar:9.2.13.v20150730]
! 	at org.eclipse.jetty.io.SelectorManager.doStart(SelectorManager.java:258) ~[jetty-io-9.2.13.v20150730.jar:9.2.13.v20150730]
! 	at org.eclipse.jetty.util.component.AbstractLifeCycle.start(AbstractLifeCycle.java:68) ~[jetty-util-9.2.13.v20150730.jar:9.2.13.v20150730]
! 	at org.eclipse.jetty.util.component.ContainerLifeCycle.start(ContainerLifeCycle.java:132) ~[jetty-util-9.2.13.v20150730.jar:9.2.13.v20150730]
! 	at org.eclipse.jetty.util.component.ContainerLifeCycle.doStart(ContainerLifeCycle.java:106) ~[jetty-util-9.2.13.v20150730.jar:9.2.13.v20150730]
! 	at org.eclipse.jetty.server.AbstractConnector.doStart(AbstractConnector.java:256) ~[jetty-server-9.2.13.v20150730.jar:9.2.13.v20150730]
! 	at org.eclipse.jetty.server.AbstractNetworkConnector.doStart(AbstractNetworkConnector.java:81) ~[jetty-server-9.2.13.v20150730.jar:9.2.13.v20150730]
! 	at org.eclipse.jetty.server.ServerConnector.doStart(ServerConnector.java:236) ~[jetty-server-9.2.13.v20150730.jar:9.2.13.v20150730]
! 	at org.eclipse.jetty.util.component.AbstractLifeCycle.start(AbstractLifeCycle.java:68) ~[jetty-util-9.2.13.v20150730.jar:9.2.13.v20150730]
! 	at org.eclipse.jetty.server.Server.doStart(Server.java:366) ~[jetty-server-9.2.13.v20150730.jar:9.2.13.v20150730]
! 	... 7 common frames omitted
ERROR [2017-09-27 07:37:32,887] io.dropwizard.cli.ServerCommand: Unable to start server, shutting down
! java.io.FileNotFoundException: D:\IP\Geo\Geo-distribution\var\conf\keyStore.jks (The system cannot find the path specified)
! at java.io.FileInputStream.open0(Native Method) ~[na:1.8.0_131]
! at java.io.FileInputStream.open(FileInputStream.java:195) ~[na:1.8.0_131]
! at java.io.FileInputStream.<init>(FileInputStream.java:138) ~[na:1.8.0_131]
! at org.eclipse.jetty.util.resource.FileResource.getInputStream(FileResource.java:290) ~[jetty-util-9.2.13.v20150730.jar:9.2.13.v20150730]
! at org.eclipse.jetty.util.security.CertificateUtils.getKeyStore(CertificateUtils.java:43) ~[jetty-util-9.2.13.v20150730.jar:9.2.13.v20150730]
! at org.eclipse.jetty.util.ssl.SslContextFactory.loadKeyStore(SslContextFactory.java:871) ~[jetty-util-9.2.13.v20150730.jar:9.2.13.v20150730]
! at org.eclipse.jetty.util.ssl.SslContextFactory.doStart(SslContextFactory.java:273) ~[jetty-util-9.2.13.v20150730.jar:9.2.13.v20150730]
! at org.eclipse.jetty.util.component.AbstractLifeCycle.start(AbstractLifeCycle.java:68) ~[jetty-util-9.2.13.v20150730.jar:9.2.13.v20150730]
! at org.eclipse.jetty.util.component.ContainerLifeCycle.start(ContainerLifeCycle.java:132) ~[jetty-util-9.2.13.v20150730.jar:9.2.13.v20150730]
! at org.eclipse.jetty.server.Server.start(Server.java:387) ~[jetty-server-9.2.13.v20150730.jar:9.2.13.v20150730]
! at org.eclipse.jetty.util.component.ContainerLifeCycle.doStart(ContainerLifeCycle.java:114) ~[jetty-util-9.2.13.v20150730.jar:9.2.13.v20150730]
! at org.eclipse.jetty.server.handler.AbstractHandler.doStart(AbstractHandler.java:61) ~[jetty-server-9.2.13.v20150730.jar:9.2.13.v20150730]
! at org.eclipse.jetty.server.Server.doStart(Server.java:354) ~[jetty-server-9.2.13.v20150730.jar:9.2.13.v20150730]
! ... 7 common frames omitted
! Causing: org.eclipse.jetty.util.MultiException: Multiple exceptions
! at org.eclipse.jetty.server.Server.doStart(Server.java:329) ~[jetty-server-9.2.13.v20150730.jar:9.2.13.v20150730]
! at org.eclipse.jetty.util.component.AbstractLifeCycle.start(AbstractLifeCycle.java:68) ~[jetty-util-9.2.13.v20150730.jar:9.2.13.v20150730]
! at io.dropwizard.cli.ServerCommand.run(ServerCommand.java:43) ~[dropwizard-core-0.9.2.jar:0.9.2]
! at io.dropwizard.cli.EnvironmentCommand.run(EnvironmentCommand.java:41) [dropwizard-core-0.9.2.jar:0.9.2]
! at io.dropwizard.cli.ConfiguredCommand.run(ConfiguredCommand.java:77) [dropwizard-core-0.9.2.jar:0.9.2]
! at io.dropwizard.cli.Cli.run(Cli.java:70) [dropwizard-core-0.9.2.jar:0.9.2]
! at io.dropwizard.Application.run(Application.java:80) [dropwizard-core-0.9.2.jar:0.9.2]
! at com.server.GeoApplication.main(GeoApplication.java:15) [classes/:na]
! Suppressed: java.io.FileNotFoundException: D:\IP\Geo\Geo-distribution\var\conf\keyStore.jks (The system cannot find the path specified)
! 	at java.io.FileInputStream.open0(Native Method) ~[na:1.8.0_131]
! 	at java.io.FileInputStream.open(FileInputStream.java:195) ~[na:1.8.0_131]
! 	at java.io.FileInputStream.<init>(FileInputStream.java:138) ~[na:1.8.0_131]
! 	at org.eclipse.jetty.util.resource.FileResource.getInputStream(FileResource.java:290) ~[jetty-util-9.2.13.v20150730.jar:9.2.13.v20150730]
! 	at org.eclipse.jetty.util.security.CertificateUtils.getKeyStore(CertificateUtils.java:43) ~[jetty-util-9.2.13.v20150730.jar:9.2.13.v20150730]
! 	at org.eclipse.jetty.util.ssl.SslContextFactory.loadKeyStore(SslContextFactory.java:871) ~[jetty-util-9.2.13.v20150730.jar:9.2.13.v20150730]
! 	at org.eclipse.jetty.util.ssl.SslContextFactory.doStart(SslContextFactory.java:273) ~[jetty-util-9.2.13.v20150730.jar:9.2.13.v20150730]
! 	at org.eclipse.jetty.util.component.AbstractLifeCycle.start(AbstractLifeCycle.java:68) ~[jetty-util-9.2.13.v20150730.jar:9.2.13.v20150730]
! 	at org.eclipse.jetty.util.component.ContainerLifeCycle.start(ContainerLifeCycle.java:132) ~[jetty-util-9.2.13.v20150730.jar:9.2.13.v20150730]
! 	at org.eclipse.jetty.util.component.ContainerLifeCycle.doStart(ContainerLifeCycle.java:114) ~[jetty-util-9.2.13.v20150730.jar:9.2.13.v20150730]
! 	at org.eclipse.jetty.server.SslConnectionFactory.doStart(SslConnectionFactory.java:64) ~[jetty-server-9.2.13.v20150730.jar:9.2.13.v20150730]
! 	at org.eclipse.jetty.util.component.AbstractLifeCycle.start(AbstractLifeCycle.java:68) ~[jetty-util-9.2.13.v20150730.jar:9.2.13.v20150730]
! 	at org.eclipse.jetty.util.component.ContainerLifeCycle.start(ContainerLifeCycle.java:132) ~[jetty-util-9.2.13.v20150730.jar:9.2.13.v20150730]
! 	at org.eclipse.jetty.util.component.ContainerLifeCycle.doStart(ContainerLifeCycle.java:114) ~[jetty-util-9.2.13.v20150730.jar:9.2.13.v20150730]
! 	at org.eclipse.jetty.util.component.AbstractLifeCycle.start(AbstractLifeCycle.java:68) ~[jetty-util-9.2.13.v20150730.jar:9.2.13.v20150730]
! 	at org.eclipse.jetty.util.component.ContainerLifeCycle.start(ContainerLifeCycle.java:132) ~[jetty-util-9.2.13.v20150730.jar:9.2.13.v20150730]
! 	at org.eclipse.jetty.util.component.ContainerLifeCycle.doStart(ContainerLifeCycle.java:114) ~[jetty-util-9.2.13.v20150730.jar:9.2.13.v20150730]
! 	at org.eclipse.jetty.server.AbstractConnector.doStart(AbstractConnector.java:256) ~[jetty-server-9.2.13.v20150730.jar:9.2.13.v20150730]
! 	at org.eclipse.jetty.server.AbstractNetworkConnector.doStart(AbstractNetworkConnector.java:81) ~[jetty-server-9.2.13.v20150730.jar:9.2.13.v20150730]
! 	at org.eclipse.jetty.server.ServerConnector.doStart(ServerConnector.java:236) ~[jetty-server-9.2.13.v20150730.jar:9.2.13.v20150730]
! 	at org.eclipse.jetty.util.component.AbstractLifeCycle.start(AbstractLifeCycle.java:68) ~[jetty-util-9.2.13.v20150730.jar:9.2.13.v20150730]
! 	at org.eclipse.jetty.server.Server.doStart(Server.java:366) ~[jetty-server-9.2.13.v20150730.jar:9.2.13.v20150730]
! 	... 7 common frames omitted
! Suppressed: java.util.concurrent.RejectedExecutionException: org.eclipse.jetty.util.thread.NonBlockingThread@687e4c93
! 	at org.eclipse.jetty.util.thread.QueuedThreadPool.execute(QueuedThreadPool.java:362) ~[jetty-util-9.2.13.v20150730.jar:9.2.13.v20150730]
! 	at org.eclipse.jetty.io.SelectorManager.execute(SelectorManager.java:160) ~[jetty-io-9.2.13.v20150730.jar:9.2.13.v20150730]
! 	at org.eclipse.jetty.io.SelectorManager.doStart(SelectorManager.java:258) ~[jetty-io-9.2.13.v20150730.jar:9.2.13.v20150730]
! 	at org.eclipse.jetty.util.component.AbstractLifeCycle.start(AbstractLifeCycle.java:68) ~[jetty-util-9.2.13.v20150730.jar:9.2.13.v20150730]
! 	at org.eclipse.jetty.util.component.ContainerLifeCycle.start(ContainerLifeCycle.java:132) ~[jetty-util-9.2.13.v20150730.jar:9.2.13.v20150730]
! 	at org.eclipse.jetty.util.component.ContainerLifeCycle.doStart(ContainerLifeCycle.java:106) ~[jetty-util-9.2.13.v20150730.jar:9.2.13.v20150730]
! 	at org.eclipse.jetty.server.AbstractConnector.doStart(AbstractConnector.java:256) ~[jetty-server-9.2.13.v20150730.jar:9.2.13.v20150730]
! 	at org.eclipse.jetty.server.AbstractNetworkConnector.doStart(AbstractNetworkConnector.java:81) ~[jetty-server-9.2.13.v20150730.jar:9.2.13.v20150730]
! 	at org.eclipse.jetty.server.ServerConnector.doStart(ServerConnector.java:236) ~[jetty-server-9.2.13.v20150730.jar:9.2.13.v20150730]
! 	at org.eclipse.jetty.util.component.AbstractLifeCycle.start(AbstractLifeCycle.java:68) ~[jetty-util-9.2.13.v20150730.jar:9.2.13.v20150730]
! 	at org.eclipse.jetty.server.Server.doStart(Server.java:366) ~[jetty-server-9.2.13.v20150730.jar:9.2.13.v20150730]
! 	... 7 common frames omitted
INFO  [2017-09-27 07:37:32,895] org.eclipse.jetty.server.ServerConnector: Stopped application@168cd36b{HTTP/1.1}{0.0.0.0:8000}
INFO  [2017-09-27 07:37:32,895] org.eclipse.jetty.server.ServerConnector: Stopped application@d8d9199{SSL-HTTP/1.1}{0.0.0.0:8443}
INFO  [2017-09-27 07:37:32,895] org.eclipse.jetty.server.ServerConnector: Stopped admin@3901f6af{HTTP/1.1}{0.0.0.0:8001}
